
> tinybrush-v2@0.1.0 dev
> next dev

   ▲ Next.js 15.3.4
   - Local:        http://localhost:3000
   - Network:      http://10.255.255.254:3000
   - Environments: .env.local, .env

 ✓ Starting...
 ✓ Ready in 1188ms
 ○ Compiling / ...
 ✓ Compiled / in 1501ms (1235 modules)
 GET / 200 in 1740ms
 GET / 200 in 36ms
 ✓ Compiled /favicon.ico in 201ms (667 modules)
 GET /favicon.ico 200 in 265ms
 GET /favicon.ico 200 in 4ms
 ✓ Compiled in 688ms (1235 modules)
 ✓ Compiled /_not-found in 277ms (1239 modules)
 ⨯ Error: ENOENT: no such file or directory, open '/home/jason/projects/tinybrush/.next/server/vendor-chunks/next.js'
    at __webpack_require__.f.require (.next/server/webpack-runtime.js:198:28)
    at <unknown> (.next/server/webpack-runtime.js:111:40)
    at Array.reduce (<anonymous>)
    at __webpack_require__.e (.next/server/webpack-runtime.js:110:67)
    at Array.map (<anonymous>)
    at __webpack_require__.X (.next/server/webpack-runtime.js:162:22)
    at <unknown> (.next/server/app/_not-found/page.js:161:47)
    at Object.<anonymous> (.next/server/app/_not-found/page.js:164:3) {
  errno: -2,
  code: 'ENOENT',
  syscall: 'open',
  path: '/home/jason/projects/tinybrush/.next/server/vendor-chunks/next.js'
}
 ✓ Compiled /_error in 431ms (1573 modules)
 GET / 500 in 2418ms
 GET / 200 in 399ms
 ⨯ [Error: ENOENT: no such file or directory, open '/home/jason/projects/tinybrush/.next/server/app/page.js'] {
  errno: -2,
  code: 'ENOENT',
  syscall: 'open',
  path: '/home/jason/projects/tinybrush/.next/server/app/page.js',
  page: '/'
}
 ✓ Compiled /favicon.ico in 145ms (755 modules)
 GET /favicon.ico 200 in 194ms
 ⨯ [Error: ENOENT: no such file or directory, open '/home/jason/projects/tinybrush/.next/server/app/page.js'] {
  errno: -2,
  code: 'ENOENT',
  syscall: 'open',
  path: '/home/jason/projects/tinybrush/.next/server/app/page.js',
  page: '/'
}
 GET / 500 in 239ms
 GET /favicon.ico 200 in 4ms
[Error: ENOENT: no such file or directory, stat '/home/jason/projects/tinybrush/.next/cache/webpack/client-development/11.pack.gz'] {
  errno: -2,
  code: 'ENOENT',
  syscall: 'stat',
  path: '/home/jason/projects/tinybrush/.next/cache/webpack/client-development/11.pack.gz'
}
 ⨯ unhandledRejection: [Error: ENOENT: no such file or directory, stat '/home/jason/projects/tinybrush/.next/cache/webpack/client-development/11.pack.gz'] {
  errno: -2,
  code: 'ENOENT',
  syscall: 'stat',
  path: '/home/jason/projects/tinybrush/.next/cache/webpack/client-development/11.pack.gz'
}
 ⨯ unhandledRejection:  [Error: ENOENT: no such file or directory, stat '/home/jason/projects/tinybrush/.next/cache/webpack/client-development/11.pack.gz'] {
  errno: -2,
  code: 'ENOENT',
  syscall: 'stat',
  path: '/home/jason/projects/tinybrush/.next/cache/webpack/client-development/11.pack.gz'
}
<w> [webpack.cache.PackFileCacheStrategy] Caching failed for pack: Error: ENOENT: no such file or directory, stat '/home/jason/projects/tinybrush/.next/cache/webpack/client-development/11.pack.gz'
[Error: ENOENT: no such file or directory, stat '/home/jason/projects/tinybrush/.next/cache/webpack/server-development/1.pack.gz'] {
  errno: -2,
  code: 'ENOENT',
  syscall: 'stat',
  path: '/home/jason/projects/tinybrush/.next/cache/webpack/server-development/1.pack.gz'
}
 ⨯ unhandledRejection: [Error: ENOENT: no such file or directory, stat '/home/jason/projects/tinybrush/.next/cache/webpack/server-development/1.pack.gz'] {
  errno: -2,
  code: 'ENOENT',
  syscall: 'stat',
  path: '/home/jason/projects/tinybrush/.next/cache/webpack/server-development/1.pack.gz'
}
 ⨯ unhandledRejection:  [Error: ENOENT: no such file or directory, stat '/home/jason/projects/tinybrush/.next/cache/webpack/server-development/1.pack.gz'] {
  errno: -2,
  code: 'ENOENT',
  syscall: 'stat',
  path: '/home/jason/projects/tinybrush/.next/cache/webpack/server-development/1.pack.gz'
}
[Error: ENOENT: no such file or directory, stat '/home/jason/projects/tinybrush/.next/cache/webpack/server-development/7.pack.gz'] {
  errno: -2,
  code: 'ENOENT',
  syscall: 'stat',
  path: '/home/jason/projects/tinybrush/.next/cache/webpack/server-development/7.pack.gz'
}
 ⨯ unhandledRejection: [Error: ENOENT: no such file or directory, stat '/home/jason/projects/tinybrush/.next/cache/webpack/server-development/7.pack.gz'] {
  errno: -2,
  code: 'ENOENT',
  syscall: 'stat',
  path: '/home/jason/projects/tinybrush/.next/cache/webpack/server-development/7.pack.gz'
}
 ⨯ unhandledRejection:  [Error: ENOENT: no such file or directory, stat '/home/jason/projects/tinybrush/.next/cache/webpack/server-development/7.pack.gz'] {
  errno: -2,
  code: 'ENOENT',
  syscall: 'stat',
  path: '/home/jason/projects/tinybrush/.next/cache/webpack/server-development/7.pack.gz'
}
<w> [webpack.cache.PackFileCacheStrategy] Caching failed for pack: Error: ENOENT: no such file or directory, stat '/home/jason/projects/tinybrush/.next/cache/webpack/server-development/1.pack.gz'
 GET / 404 in 208ms
 GET / 404 in 210ms
 GET / 404 in 209ms
 GET / 404 in 205ms
 GET / 404 in 207ms
 GET / 404 in 205ms
 GET / 404 in 206ms
 GET / 404 in 206ms
 GET / 404 in 204ms
 GET / 404 in 207ms
 GET / 404 in 205ms
 GET / 404 in 206ms
 GET / 404 in 210ms
 GET / 404 in 207ms
 GET / 404 in 207ms
 GET / 404 in 208ms
 GET / 404 in 208ms
 GET / 404 in 211ms
 GET / 404 in 205ms
 GET / 404 in 205ms
 GET / 404 in 206ms
 GET / 404 in 205ms
 GET / 404 in 204ms
 GET / 404 in 209ms
 GET / 404 in 205ms
 GET / 404 in 205ms
 GET / 404 in 205ms
 GET / 404 in 204ms
 GET / 404 in 207ms
 GET / 404 in 206ms
 GET / 404 in 205ms
 GET / 404 in 206ms
 GET / 404 in 204ms
 GET / 404 in 207ms
 GET / 404 in 206ms
 GET / 404 in 206ms
 GET / 404 in 206ms
 GET / 404 in 206ms
 GET / 404 in 205ms
 GET / 404 in 205ms
 GET / 404 in 204ms
 GET / 404 in 206ms
 GET / 404 in 205ms
 GET / 404 in 207ms
 GET / 404 in 205ms
 GET / 404 in 206ms
 GET / 404 in 206ms
 GET / 404 in 206ms
 GET / 404 in 207ms
 GET / 404 in 205ms
 GET / 404 in 206ms
 GET / 404 in 212ms
 GET / 404 in 206ms
 GET / 404 in 208ms
[?25h
