0 verbose cli /opt/homebrew/Cellar/node/24.7.0/bin/node /opt/homebrew/bin/npm
1 info using npm@11.5.1
2 info using node@v24.7.0
3 silly config load:file:/opt/homebrew/lib/node_modules/npm/npmrc
4 silly config load:file:/Users/jasonstrachan/+Projects/2025/vessel/.npmrc
5 silly config load:file:/opt/homebrew/etc/npmrc
6 verbose title npm install delaunator@^5
7 verbose argv "install" "--package-lock-only" "delaunator@^5" "--cache" "/Users/jasonstrachan/+Projects/2025/vessel/.npm-cache" "--no-audit"
8 verbose logfile logs-max:10 dir:/Users/jasonstrachan/+Projects/2025/vessel/.npm-cache/_logs/2025-10-13T04_39_56_879Z-
9 verbose logfile /Users/jasonstrachan/+Projects/2025/vessel/.npm-cache/_logs/2025-10-13T04_39_56_879Z-debug-0.log
10 silly logfile done cleaning log files
11 http fetch GET https://registry.npmjs.org/npm attempt 1 failed with ENOTFOUND
12 silly packumentCache heap:4496293888 maxSize:1124073472 maxEntrySize:562036736
13 silly idealTree buildDeps
14 silly fetch manifest delaunator@^5
15 silly packumentCache full:https://registry.npmjs.org/delaunator cache-miss
16 http fetch GET https://registry.npmjs.org/delaunator attempt 1 failed with ENOTFOUND
17 http fetch GET https://registry.npmjs.org/npm attempt 2 failed with ENOTFOUND
18 http fetch GET https://registry.npmjs.org/delaunator attempt 2 failed with ENOTFOUND
19 http fetch GET https://registry.npmjs.org/npm attempt 3 failed with ENOTFOUND
20 http fetch GET https://registry.npmjs.org/delaunator attempt 3 failed with ENOTFOUND
21 silly placeDep ROOT delaunator@ OK for: vessel-v3@3.0.0 want: ^5
22 http cache https://registry.npmjs.org/@tailwindcss/oxide-wasm32-wasi/-/oxide-wasm32-wasi-4.1.11.tgz 0ms (cache hit)
23 silly tarball no local data for https://registry.npmjs.org/@tailwindcss/oxide-wasm32-wasi/-/oxide-wasm32-wasi-4.1.11.tgz. Extracting by manifest.
24 http fetch GET https://registry.npmjs.org/@tailwindcss/oxide-wasm32-wasi/-/oxide-wasm32-wasi-4.1.11.tgz attempt 1 failed with ENOTFOUND
25 http fetch GET https://registry.npmjs.org/@tailwindcss/oxide-wasm32-wasi/-/oxide-wasm32-wasi-4.1.11.tgz attempt 2 failed with ENOTFOUND
26 http fetch GET https://registry.npmjs.org/@tailwindcss/oxide-wasm32-wasi/-/oxide-wasm32-wasi-4.1.11.tgz attempt 3 failed with ENOTFOUND
27 verbose type system
28 verbose stack FetchError: request to https://registry.npmjs.org/@tailwindcss/oxide-wasm32-wasi/-/oxide-wasm32-wasi-4.1.11.tgz failed, reason: getaddrinfo ENOTFOUND registry.npmjs.org
28 verbose stack     at ClientRequest.<anonymous> (/opt/homebrew/lib/node_modules/npm/node_modules/minipass-fetch/lib/index.js:130:14)
28 verbose stack     at ClientRequest.emit (node:events:508:28)
28 verbose stack     at emitErrorEvent (node:_http_client:107:11)
28 verbose stack     at _destroy (node:_http_client:954:9)
28 verbose stack     at onSocketNT (node:_http_client:974:5)
28 verbose stack     at process.processTicksAndRejections (node:internal/process/task_queues:91:21)
29 error code ENOTFOUND
30 error syscall getaddrinfo
31 error errno ENOTFOUND
32 error network request to https://registry.npmjs.org/@tailwindcss/oxide-wasm32-wasi/-/oxide-wasm32-wasi-4.1.11.tgz failed, reason: getaddrinfo ENOTFOUND registry.npmjs.org
33 error network This is a problem related to network connectivity.
33 error network In most cases you are behind a proxy or have bad network settings.
33 error network
33 error network If you are behind a proxy, please make sure that the
33 error network 'proxy' config is set properly.  See: 'npm help config'
34 silly unfinished npm timer reify 1760330397010
35 silly unfinished npm timer reify:loadTrees 1760330397010
36 silly unfinished npm timer idealTree:buildDeps 1760330397264
37 silly unfinished npm timer idealTree:node_modules/@tailwindcss/oxide-wasm32-wasi 1760330467291
38 verbose cwd /Users/jasonstrachan/+Projects/2025/vessel
39 verbose os Darwin 23.6.0
40 verbose node v24.7.0
41 verbose npm  v11.5.1
42 verbose exit 1
43 verbose code 1
44 error A complete log of this run can be found in: /Users/jasonstrachan/+Projects/2025/vessel/.npm-cache/_logs/2025-10-13T04_39_56_879Z-debug-0.log
